<?xml version="1.0" encoding="UTF-8"?>
<!-- Generated by org.testng.reporters.JUnitReportReporter -->
<testsuite hostname="Abinaya" failures="0" tests="1" name="excel.Login" time="14.679" errors="0" timestamp="10 Aug 2023 09:57:06 GMT" skipped="0">
  <testcase classname="excel.Login" name="main" time="14.679"/>
</testsuite> <!-- excel.Login -->
